<?xml version="1.0" encoding="UTF-8"?>
<robot generator="Robot 7.4.1 (Python 3.12.7 on darwin)" generated="2026-01-21T01:51:08.805566" rpa="false" schemaversion="5">
<suite id="s1" name="Tests" source="/Users/amirasoliman/Desktop/GitHub-actions/crAPI/tests">
<suite id="s1-s1" name="Auth Login" source="/Users/amirasoliman/Desktop/GitHub-actions/crAPI/tests/auth_login.robot">
<test id="s1-s1-t1" name="Login With Invalid Password Should Return 401" line="8">
<kw name="Create Session" owner="RequestsLibrary">
<msg time="2026-01-21T01:51:08.896907" level="INFO">Creating Session using : alias=api, url=http://localhost:8888, headers={},                     cookies={}, auth=None, timeout=None, proxies=None, verify=False,                     debug=0 </msg>
<arg>api</arg>
<arg>${BASE_URL}</arg>
<doc>Create Session: create a HTTP session to a server</doc>
<status status="PASS" start="2026-01-21T01:51:08.896827" elapsed="0.000167"/>
</kw>
<kw name="Create Dictionary" owner="BuiltIn">
<msg time="2026-01-21T01:51:08.897252" level="INFO">${payload} = {'email': 'test@test.com', 'password': 'wrong'}</msg>
<var>${payload}</var>
<arg>email=test@test.com</arg>
<arg>password=wrong</arg>
<doc>Creates and returns a dictionary based on the given ``items``.</doc>
<status status="PASS" start="2026-01-21T01:51:08.897072" elapsed="0.000190"/>
</kw>
<kw name="POST On Session" owner="RequestsLibrary">
<msg time="2026-01-21T01:51:08.932333" level="INFO">POST Request : url=http://localhost:8888/identity/api/auth/login 
 path_url=/identity/api/auth/login 
 headers={'User-Agent': 'python-requests/2.32.3', 'Accept-Encoding': 'gzip, deflate, br, zstd', 'Accept': '*/*', 'Connection': 'keep-alive', 'Content-Length': '47', 'Content-Type': 'application/json'} 
 body=b'{"email": "test@test.com", "password": "wrong"}' 
 </msg>
<msg time="2026-01-21T01:51:08.932410" level="INFO">POST Response : url=http://localhost:8888/identity/api/auth/login 
 status=401, reason= 
 headers={'Server': 'openresty/1.27.1.2', 'Date': 'Wed, 21 Jan 2026 00:51:08 GMT', 'Content-Type': 'application/json', 'Transfer-Encoding': 'chunked', 'Connection': 'keep-alive', 'Vary': 'Origin, Access-Control-Request-Method, Access-Control-Request-Headers', 'X-Content-Type-Options': 'nosniff', 'X-XSS-Protection': '0', 'Cache-Control': 'no-cache, no-store, max-age=0, must-revalidate', 'Pragma': 'no-cache', 'Expires': '0', 'Strict-Transport-Security': 'max-age=31536000 ; includeSubDomains', 'X-Frame-Options': 'DENY'} 
 body={"token":null,"type":"","message":"Given Email is not registered! ","mfaRequired":false} 
 </msg>
<msg time="2026-01-21T01:51:08.932499" level="INFO">${resp} = &lt;Response [401]&gt;</msg>
<var>${resp}</var>
<arg>api</arg>
<arg>/identity/api/auth/login</arg>
<arg>json=${payload}</arg>
<arg>expected_status=ANY</arg>
<doc>Sends a POST request on a previously created HTTP Session.</doc>
<status status="PASS" start="2026-01-21T01:51:08.897316" elapsed="0.035196"/>
</kw>
<kw name="Should Be Equal As Integers" owner="BuiltIn">
<msg time="2026-01-21T01:51:08.932915" level="INFO">Argument types are:
&lt;class 'int'&gt;
&lt;class 'str'&gt;</msg>
<arg>${resp.status_code}</arg>
<arg>401</arg>
<doc>Fails if objects are unequal after converting them to integers.</doc>
<status status="PASS" start="2026-01-21T01:51:08.932622" elapsed="0.000320"/>
</kw>
<status status="PASS" start="2026-01-21T01:51:08.896493" elapsed="0.036510"/>
</test>
<status status="PASS" start="2026-01-21T01:51:08.821954" elapsed="0.111215"/>
</suite>
<status status="PASS" start="2026-01-21T01:51:08.806465" elapsed="0.126862"/>
</suite>
<statistics>
<total>
<stat pass="1" fail="0" skip="0">All Tests</stat>
</total>
<tag>
</tag>
<suite>
<stat name="Tests" id="s1" pass="1" fail="0" skip="0">Tests</stat>
<stat name="Auth Login" id="s1-s1" pass="1" fail="0" skip="0">Tests.Auth Login</stat>
</suite>
</statistics>
<errors>
</errors>
</robot>
